c:\users\max fyall\documents\github\multidimensional_plotter\multidemplotter\programplot\debug\vc142.pdb
c:\users\max fyall\documents\github\multidimensional_plotter\multidemplotter\programplot\debug\vc142.idb
c:\users\max fyall\documents\github\multidimensional_plotter\multidemplotter\programplot\debug\axes.obj
c:\users\max fyall\documents\github\multidimensional_plotter\multidemplotter\programplot\debug\application.obj
c:\users\max fyall\documents\github\multidimensional_plotter\multidemplotter\programplot\debug\imgui_widgets.obj
c:\users\max fyall\documents\github\multidimensional_plotter\multidemplotter\programplot\debug\imgui_tables.obj
c:\users\max fyall\documents\github\multidimensional_plotter\multidemplotter\programplot\debug\imgui_impl_opengl3.obj
c:\users\max fyall\documents\github\multidimensional_plotter\multidemplotter\programplot\debug\imgui_impl_glfw.obj
c:\users\max fyall\documents\github\multidimensional_plotter\multidemplotter\programplot\debug\imgui_draw.obj
c:\users\max fyall\documents\github\multidimensional_plotter\multidemplotter\programplot\debug\imgui.obj
c:\users\max fyall\documents\github\multidimensional_plotter\multidemplotter\programplot\debug\wrapper_glfw.obj
c:\users\max fyall\documents\github\multidimensional_plotter\multidemplotter\programplot\debug\cube.obj
c:\users\max fyall\documents\github\multidimensional_plotter\multidemplotter\debug\programplot.exe
c:\users\max fyall\documents\github\multidimensional_plotter\multidemplotter\programplot\debug\programplot.ilk
c:\users\max fyall\documents\github\multidimensional_plotter\multidemplotter\debug\programplot.pdb
c:\users\max fyall\documents\github\multidimensional_plotter\multidemplotter\programplot\debug\programplot.tlog\cl.command.1.tlog
c:\users\max fyall\documents\github\multidimensional_plotter\multidemplotter\programplot\debug\programplot.tlog\cl.read.1.tlog
c:\users\max fyall\documents\github\multidimensional_plotter\multidemplotter\programplot\debug\programplot.tlog\cl.write.1.tlog
c:\users\max fyall\documents\github\multidimensional_plotter\multidemplotter\programplot\debug\programplot.tlog\link.command.1.tlog
c:\users\max fyall\documents\github\multidimensional_plotter\multidemplotter\programplot\debug\programplot.tlog\link.read.1.tlog
c:\users\max fyall\documents\github\multidimensional_plotter\multidemplotter\programplot\debug\programplot.tlog\link.write.1.tlog
