c:\users\max fyall\documents\github\multidimensional_plotter\multidemplotter\programplot\release\quad.obj
c:\users\max fyall\documents\github\multidimensional_plotter\multidemplotter\programplot\release\axes.obj
c:\users\max fyall\documents\github\multidimensional_plotter\multidemplotter\programplot\release\application.obj
c:\users\max fyall\documents\github\multidimensional_plotter\multidemplotter\programplot\release\imgui_widgets.obj
c:\users\max fyall\documents\github\multidimensional_plotter\multidemplotter\programplot\release\imgui_tables.obj
c:\users\max fyall\documents\github\multidimensional_plotter\multidemplotter\programplot\release\imgui_impl_opengl3.obj
c:\users\max fyall\documents\github\multidimensional_plotter\multidemplotter\programplot\release\imgui_impl_glfw.obj
c:\users\max fyall\documents\github\multidimensional_plotter\multidemplotter\programplot\release\imgui_draw.obj
c:\users\max fyall\documents\github\multidimensional_plotter\multidemplotter\programplot\release\imgui.obj
c:\users\max fyall\documents\github\multidimensional_plotter\multidemplotter\programplot\release\wrapper_glfw.obj
c:\users\max fyall\documents\github\multidimensional_plotter\multidemplotter\programplot\release\cube.obj
c:\users\max fyall\documents\github\multidimensional_plotter\multidemplotter\release\concrt140d.dll
c:\users\max fyall\documents\github\multidimensional_plotter\multidemplotter\release\msvcp140d.dll
c:\users\max fyall\documents\github\multidimensional_plotter\multidemplotter\release\msvcp140d_atomic_wait.dll
c:\users\max fyall\documents\github\multidimensional_plotter\multidemplotter\release\msvcp140d_codecvt_ids.dll
c:\users\max fyall\documents\github\multidimensional_plotter\multidemplotter\release\msvcp140_1d.dll
c:\users\max fyall\documents\github\multidimensional_plotter\multidemplotter\release\msvcp140_2d.dll
c:\users\max fyall\documents\github\multidimensional_plotter\multidemplotter\release\vccorlib140d.dll
c:\users\max fyall\documents\github\multidimensional_plotter\multidemplotter\release\vcruntime140d.dll
c:\users\max fyall\documents\github\multidimensional_plotter\multidemplotter\release\vcamp140d.dll
c:\users\max fyall\documents\github\multidimensional_plotter\multidemplotter\release\vcomp140d.dll
c:\users\max fyall\documents\github\multidimensional_plotter\multidemplotter\release\libomp140.i386.dll
c:\users\max fyall\documents\github\multidimensional_plotter\multidemplotter\release\libomp140d.i386.dll
c:\users\max fyall\documents\github\multidimensional_plotter\multidemplotter\release\ucrtbased.dll
c:\users\max fyall\documents\github\multidimensional_plotter\multidemplotter\release\programplot.exe
c:\users\max fyall\documents\github\multidimensional_plotter\multidemplotter\programplot\release\programplot.ipdb
c:\users\max fyall\documents\github\multidimensional_plotter\multidemplotter\programplot\release\programplot.iobj
c:\users\max fyall\documents\github\multidimensional_plotter\multidemplotter\release\programplot.lib
c:\users\max fyall\documents\github\multidimensional_plotter\multidemplotter\release\programplot.exp
c:\users\max fyall\documents\github\multidimensional_plotter\multidemplotter\programplot\release\programplot.tlog\cl.command.1.tlog
c:\users\max fyall\documents\github\multidimensional_plotter\multidemplotter\programplot\release\programplot.tlog\cl.read.1.tlog
c:\users\max fyall\documents\github\multidimensional_plotter\multidemplotter\programplot\release\programplot.tlog\cl.write.1.tlog
c:\users\max fyall\documents\github\multidimensional_plotter\multidemplotter\programplot\release\programplot.tlog\copylocal.read.1u.tlog
c:\users\max fyall\documents\github\multidimensional_plotter\multidemplotter\programplot\release\programplot.tlog\copylocal.write.1u.tlog
c:\users\max fyall\documents\github\multidimensional_plotter\multidemplotter\programplot\release\programplot.tlog\link.command.1.tlog
c:\users\max fyall\documents\github\multidimensional_plotter\multidemplotter\programplot\release\programplot.tlog\link.read.1.tlog
c:\users\max fyall\documents\github\multidimensional_plotter\multidemplotter\programplot\release\programplot.tlog\link.write.1.tlog
c:\users\max fyall\documents\github\multidimensional_plotter\multidemplotter\programplot\release\programplot.tlog\programplot.write.1u.tlog
