  cube.cpp
C:\Users\Max Fyall\Documents\Github\Multidimensional_Plotter\common\cube.h(24,74): warning C4042: 'colour': has bad storage class
C:\Users\Max Fyall\Documents\Github\Multidimensional_Plotter\common\cube.h(25,40): warning C4042: 'colour': has bad storage class
C:\Users\Max Fyall\Documents\Github\Multidimensional_Plotter\common\cube.cpp(32,79): warning C4042: 'colour': has bad storage class
C:\Users\Max Fyall\Documents\Github\Multidimensional_Plotter\common\cube.cpp(37,19): warning C4244: '=': conversion from 'double' to 'float', possible loss of data
C:\Users\Max Fyall\Documents\Github\Multidimensional_Plotter\common\cube.cpp(162,45): warning C4042: 'colour': has bad storage class
  wrapper_glfw.cpp
  imgui.cpp
  imgui_draw.cpp
  imgui_impl_glfw.cpp
  imgui_impl_opengl3.cpp
  imgui_tables.cpp
  imgui_widgets.cpp
  application.cpp
C:\Users\Max Fyall\Documents\Github\Multidimensional_Plotter\MultiDemPlotter\programPlot\application.cpp(22,1): warning C4005: 'UNICODE': macro redefinition
C:\Users\Max Fyall\Documents\Github\Multidimensional_Plotter\MultiDemPlotter\programPlot\application.cpp : message : see previous definition of 'UNICODE'
C:\Program Files (x86)\Windows Kits\10\Include\10.0.19041.0\shared\minwindef.h(130,1): warning C4005: 'APIENTRY': macro redefinition
C:\Users\Max Fyall\Documents\Github\Multidimensional_Plotter\include\GLFW\glfw3.h(98): message : see previous definition of 'APIENTRY'
C:\Users\Max Fyall\Documents\Github\Multidimensional_Plotter\common\cube.h(24,74): warning C4042: 'colour': has bad storage class
C:\Users\Max Fyall\Documents\Github\Multidimensional_Plotter\common\cube.h(25,40): warning C4042: 'colour': has bad storage class
C:\Users\Max Fyall\Documents\Github\Multidimensional_Plotter\MultiDemPlotter\programPlot\application.cpp(301,28): warning C4244: 'argument': conversion from 'float' to 'int', possible loss of data
C:\Users\Max Fyall\Documents\Github\Multidimensional_Plotter\MultiDemPlotter\programPlot\application.cpp(481,23): warning C4018: '<': signed/unsigned mismatch
C:\Users\Max Fyall\Documents\Github\Multidimensional_Plotter\MultiDemPlotter\programPlot\application.cpp(523,22): warning C4018: '<': signed/unsigned mismatch
C:\Users\Max Fyall\Documents\Github\Multidimensional_Plotter\MultiDemPlotter\programPlot\application.cpp(580,22): warning C4018: '<': signed/unsigned mismatch
C:\Users\Max Fyall\Documents\Github\Multidimensional_Plotter\MultiDemPlotter\programPlot\application.cpp(636,22): warning C4018: '<': signed/unsigned mismatch
C:\Users\Max Fyall\Documents\Github\Multidimensional_Plotter\MultiDemPlotter\programPlot\application.cpp(697,16): warning C4018: '<': signed/unsigned mismatch
C:\Users\Max Fyall\Documents\Github\Multidimensional_Plotter\MultiDemPlotter\programPlot\application.cpp(700,22): warning C4018: '<': signed/unsigned mismatch
C:\Users\Max Fyall\Documents\Github\Multidimensional_Plotter\MultiDemPlotter\programPlot\application.cpp(742,22): warning C4018: '<': signed/unsigned mismatch
C:\Users\Max Fyall\Documents\Github\Multidimensional_Plotter\MultiDemPlotter\programPlot\application.cpp(842,26): warning C4018: '<': signed/unsigned mismatch
C:\Users\Max Fyall\Documents\Github\Multidimensional_Plotter\MultiDemPlotter\programPlot\application.cpp(861,25): warning C4018: '<': signed/unsigned mismatch
C:\Users\Max Fyall\Documents\Github\Multidimensional_Plotter\MultiDemPlotter\programPlot\application.cpp(878,30): warning C4244: '=': conversion from 'unsigned int' to 'float', possible loss of data
C:\Users\Max Fyall\Documents\Github\Multidimensional_Plotter\MultiDemPlotter\programPlot\application.cpp(886,25): warning C4018: '<': signed/unsigned mismatch
C:\Users\Max Fyall\Documents\Github\Multidimensional_Plotter\MultiDemPlotter\programPlot\application.cpp(894,34): warning C4244: 'argument': conversion from 'float' to 'int', possible loss of data
C:\Users\Max Fyall\Documents\Github\Multidimensional_Plotter\MultiDemPlotter\programPlot\application.cpp(911,34): warning C4244: 'argument': conversion from 'float' to 'int', possible loss of data
C:\Users\Max Fyall\Documents\Github\Multidimensional_Plotter\MultiDemPlotter\programPlot\application.cpp(952,24): warning C4018: '<': signed/unsigned mismatch
C:\Users\Max Fyall\Documents\Github\Multidimensional_Plotter\MultiDemPlotter\programPlot\application.cpp(962,24): warning C4018: '<': signed/unsigned mismatch
C:\Users\Max Fyall\Documents\Github\Multidimensional_Plotter\MultiDemPlotter\programPlot\application.cpp(972,32): warning C4244: 'argument': conversion from 'float' to 'int', possible loss of data
C:\Users\Max Fyall\Documents\Github\Multidimensional_Plotter\MultiDemPlotter\programPlot\application.cpp(1066,24): warning C4018: '<': signed/unsigned mismatch
C:\Users\Max Fyall\Documents\Github\Multidimensional_Plotter\MultiDemPlotter\programPlot\application.cpp(1077,24): warning C4018: '<': signed/unsigned mismatch
C:\Users\Max Fyall\Documents\Github\Multidimensional_Plotter\MultiDemPlotter\programPlot\application.cpp(1087,32): warning C4244: 'argument': conversion from 'float' to 'int', possible loss of data
C:\Users\Max Fyall\Documents\Github\Multidimensional_Plotter\MultiDemPlotter\programPlot\application.cpp(1108,26): warning C4018: '<': signed/unsigned mismatch
C:\Users\Max Fyall\Documents\Github\Multidimensional_Plotter\MultiDemPlotter\programPlot\application.cpp(1117,26): warning C4018: '<': signed/unsigned mismatch
C:\Users\Max Fyall\Documents\Github\Multidimensional_Plotter\MultiDemPlotter\programPlot\application.cpp(1388,26): warning C4244: '+=': conversion from 'double' to 'float', possible loss of data
C:\Users\Max Fyall\Documents\Github\Multidimensional_Plotter\MultiDemPlotter\programPlot\application.cpp(1389,24): warning C4244: '+=': conversion from 'double' to 'float', possible loss of data
C:\Users\Max Fyall\Documents\Github\Multidimensional_Plotter\MultiDemPlotter\programPlot\application.cpp(1492,20): warning C4018: '<': signed/unsigned mismatch
C:\Users\Max Fyall\Documents\Github\Multidimensional_Plotter\MultiDemPlotter\programPlot\application.cpp(1511,22): warning C4018: '<': signed/unsigned mismatch
C:\Users\Max Fyall\Documents\Github\Multidimensional_Plotter\MultiDemPlotter\programPlot\application.cpp(1565,20): warning C4018: '<': signed/unsigned mismatch
C:\Users\Max Fyall\Documents\Github\Multidimensional_Plotter\MultiDemPlotter\programPlot\application.cpp(1624,20): warning C4018: '<': signed/unsigned mismatch
C:\Users\Max Fyall\Documents\Github\Multidimensional_Plotter\MultiDemPlotter\programPlot\application.cpp(1669,21): warning C4018: '<': signed/unsigned mismatch
C:\Users\Max Fyall\Documents\Github\Multidimensional_Plotter\MultiDemPlotter\programPlot\application.cpp(1747,21): warning C4018: '<': signed/unsigned mismatch
C:\Users\Max Fyall\Documents\Github\Multidimensional_Plotter\MultiDemPlotter\programPlot\application.cpp(1844,21): warning C4018: '<': signed/unsigned mismatch
C:\Users\Max Fyall\Documents\Github\Multidimensional_Plotter\MultiDemPlotter\programPlot\application.cpp(1848,21): warning C4018: '<': signed/unsigned mismatch
C:\Users\Max Fyall\Documents\Github\Multidimensional_Plotter\MultiDemPlotter\programPlot\application.cpp(1852,21): warning C4018: '<': signed/unsigned mismatch
C:\Users\Max Fyall\Documents\Github\Multidimensional_Plotter\MultiDemPlotter\programPlot\application.cpp(1955,18): warning C4244: 'initializing': conversion from 'unsigned int' to 'float', possible loss of data
C:\Users\Max Fyall\Documents\Github\Multidimensional_Plotter\MultiDemPlotter\programPlot\application.cpp(1962,48): warning C4244: '=': conversion from 'double' to 'float', possible loss of data
C:\Users\Max Fyall\Documents\Github\Multidimensional_Plotter\MultiDemPlotter\programPlot\application.cpp(2022,20): warning C4018: '<': signed/unsigned mismatch
C:\Program Files (x86)\Microsoft Visual Studio\2019\Community\VC\Tools\MSVC\14.29.30133\include\xstring(2575,23): warning C4244: 'argument': conversion from 'wchar_t' to 'const _Elem', possible loss of data
          with
          [
              _Elem=char
          ]
C:\Program Files (x86)\Microsoft Visual Studio\2019\Community\VC\Tools\MSVC\14.29.30133\include\xstring(2586): message : see reference to function template instantiation 'void std::basic_string<char,std::char_traits<char>,std::allocator<char>>::_Construct<wchar_t*>(_Iter,const _Iter,std::input_iterator_tag)' being compiled
          with
          [
              _Iter=wchar_t *
          ]
C:\Program Files (x86)\Microsoft Visual Studio\2019\Community\VC\Tools\MSVC\14.29.30133\include\xstring(2586): message : see reference to function template instantiation 'void std::basic_string<char,std::char_traits<char>,std::allocator<char>>::_Construct<wchar_t*>(_Iter,const _Iter,std::input_iterator_tag)' being compiled
          with
          [
              _Iter=wchar_t *
          ]
C:\Program Files (x86)\Microsoft Visual Studio\2019\Community\VC\Tools\MSVC\14.29.30133\include\xstring(2566): message : see reference to function template instantiation 'void std::basic_string<char,std::char_traits<char>,std::allocator<char>>::_Construct<wchar_t*>(const _Iter,const _Iter,std::forward_iterator_tag)' being compiled
          with
          [
              _Iter=wchar_t *
          ]
C:\Program Files (x86)\Microsoft Visual Studio\2019\Community\VC\Tools\MSVC\14.29.30133\include\xstring(2566): message : see reference to function template instantiation 'void std::basic_string<char,std::char_traits<char>,std::allocator<char>>::_Construct<wchar_t*>(const _Iter,const _Iter,std::forward_iterator_tag)' being compiled
          with
          [
              _Iter=wchar_t *
          ]
C:\Users\Max Fyall\Documents\Github\Multidimensional_Plotter\MultiDemPlotter\programPlot\application.cpp(831): message : see reference to function template instantiation 'std::basic_string<char,std::char_traits<char>,std::allocator<char>>::basic_string<std::_String_iterator<std::_String_val<std::_Simple_types<_Elem>>>,0>(_Iter,_Iter,const _Alloc &)' being compiled
          with
          [
              _Elem=wchar_t,
              _Iter=std::_String_iterator<std::_String_val<std::_Simple_types<wchar_t>>>,
              _Alloc=std::allocator<char>
          ]
C:\Users\Max Fyall\Documents\Github\Multidimensional_Plotter\MultiDemPlotter\programPlot\application.cpp(831): message : see reference to function template instantiation 'std::basic_string<char,std::char_traits<char>,std::allocator<char>>::basic_string<std::_String_iterator<std::_String_val<std::_Simple_types<_Elem>>>,0>(_Iter,_Iter,const _Alloc &)' being compiled
          with
          [
              _Elem=wchar_t,
              _Iter=std::_String_iterator<std::_String_val<std::_Simple_types<wchar_t>>>,
              _Alloc=std::allocator<char>
          ]
  axes.cpp
C:\Users\Max Fyall\Documents\Github\Multidimensional_Plotter\MultiDemPlotter\programPlot\axes.cpp(40,15): warning C4838: conversion from 'int' to 'GLfloat' requires a narrowing conversion
C:\Users\Max Fyall\Documents\Github\Multidimensional_Plotter\MultiDemPlotter\programPlot\axes.cpp(40,15): warning C4244: 'initializing': conversion from 'int' to 'GLfloat', possible loss of data
C:\Users\Max Fyall\Documents\Github\Multidimensional_Plotter\MultiDemPlotter\programPlot\axes.cpp(41,3): warning C4838: conversion from 'int' to 'GLfloat' requires a narrowing conversion
C:\Users\Max Fyall\Documents\Github\Multidimensional_Plotter\MultiDemPlotter\programPlot\axes.cpp(41,3): warning C4244: 'initializing': conversion from 'int' to 'GLfloat', possible loss of data
C:\Users\Max Fyall\Documents\Github\Multidimensional_Plotter\MultiDemPlotter\programPlot\axes.cpp(94,16): warning C4244: '=': conversion from 'int' to 'float', possible loss of data
C:\Users\Max Fyall\Documents\Github\Multidimensional_Plotter\MultiDemPlotter\programPlot\axes.cpp(105,17): warning C4244: '=': conversion from 'int' to 'float', possible loss of data
C:\Users\Max Fyall\Documents\Github\Multidimensional_Plotter\MultiDemPlotter\programPlot\axes.cpp(114,34): warning C4244: '=': conversion from 'int' to 'float', possible loss of data
C:\Users\Max Fyall\Documents\Github\Multidimensional_Plotter\MultiDemPlotter\programPlot\axes.cpp(123,34): warning C4244: '=': conversion from 'int' to 'float', possible loss of data
C:\Users\Max Fyall\Documents\Github\Multidimensional_Plotter\MultiDemPlotter\programPlot\axes.cpp(155,60): warning C4305: 'initializing': truncation from 'double' to '_Ty'
          with
          [
              _Ty=float
          ]
C:\Users\Max Fyall\Documents\Github\Multidimensional_Plotter\MultiDemPlotter\programPlot\axes.cpp(156,61): warning C4305: 'initializing': truncation from 'double' to '_Ty'
          with
          [
              _Ty=float
          ]
C:\Users\Max Fyall\Documents\Github\Multidimensional_Plotter\MultiDemPlotter\programPlot\axes.cpp(157,61): warning C4305: 'initializing': truncation from 'double' to '_Ty'
          with
          [
              _Ty=float
          ]
C:\Users\Max Fyall\Documents\Github\Multidimensional_Plotter\MultiDemPlotter\programPlot\axes.cpp(158,62): warning C4305: 'initializing': truncation from 'double' to '_Ty'
          with
          [
              _Ty=float
          ]
C:\Users\Max Fyall\Documents\Github\Multidimensional_Plotter\MultiDemPlotter\programPlot\axes.cpp(161,61): warning C4305: 'initializing': truncation from 'double' to '_Ty'
          with
          [
              _Ty=float
          ]
C:\Users\Max Fyall\Documents\Github\Multidimensional_Plotter\MultiDemPlotter\programPlot\axes.cpp(162,62): warning C4305: 'initializing': truncation from 'double' to '_Ty'
          with
          [
              _Ty=float
          ]
C:\Users\Max Fyall\Documents\Github\Multidimensional_Plotter\MultiDemPlotter\programPlot\axes.cpp(163,62): warning C4305: 'initializing': truncation from 'double' to '_Ty'
          with
          [
              _Ty=float
          ]
C:\Users\Max Fyall\Documents\Github\Multidimensional_Plotter\MultiDemPlotter\programPlot\axes.cpp(164,62): warning C4305: 'initializing': truncation from 'double' to '_Ty'
          with
          [
              _Ty=float
          ]
C:\Users\Max Fyall\Documents\Github\Multidimensional_Plotter\MultiDemPlotter\programPlot\axes.cpp(167,60): warning C4305: 'initializing': truncation from 'double' to '_Ty'
          with
          [
              _Ty=float
          ]
C:\Users\Max Fyall\Documents\Github\Multidimensional_Plotter\MultiDemPlotter\programPlot\axes.cpp(168,61): warning C4305: 'initializing': truncation from 'double' to '_Ty'
          with
          [
              _Ty=float
          ]
C:\Users\Max Fyall\Documents\Github\Multidimensional_Plotter\MultiDemPlotter\programPlot\axes.cpp(169,61): warning C4305: 'initializing': truncation from 'double' to '_Ty'
          with
          [
              _Ty=float
          ]
C:\Users\Max Fyall\Documents\Github\Multidimensional_Plotter\MultiDemPlotter\programPlot\axes.cpp(170,62): warning C4305: 'initializing': truncation from 'double' to '_Ty'
          with
          [
              _Ty=float
          ]
C:\Users\Max Fyall\Documents\Github\Multidimensional_Plotter\MultiDemPlotter\programPlot\axes.cpp(183,21): warning C4018: '<': signed/unsigned mismatch
C:\Users\Max Fyall\Documents\Github\Multidimensional_Plotter\MultiDemPlotter\programPlot\axes.cpp(316,38): warning C4244: 'argument': conversion from 'float' to 'GLsizei', possible loss of data
C:\Users\Max Fyall\Documents\Github\Multidimensional_Plotter\MultiDemPlotter\programPlot\axes.cpp(324,38): warning C4244: 'argument': conversion from 'float' to 'GLsizei', possible loss of data
C:\Users\Max Fyall\Documents\Github\Multidimensional_Plotter\MultiDemPlotter\programPlot\axes.cpp(332,38): warning C4244: 'argument': conversion from 'float' to 'GLsizei', possible loss of data
  quad.cpp
     Creating library C:\Users\Max Fyall\Documents\Github\Multidimensional_Plotter\MultiDemPlotter\Release\programPlot.lib and object C:\Users\Max Fyall\Documents\Github\Multidimensional_Plotter\MultiDemPlotter\Release\programPlot.exp
  Generating code
  Previous IPDB not found, fall back to full compilation.
  All 2875 functions were compiled because no usable IPDB/IOBJ from previous compilation was found.
  Finished generating code
LINK : warning LNK4286: symbol '_strncpy' defined in 'libucrt.lib(strncpy.obj)' is imported by 'freetype.lib(ftbase.obj)'
LINK : warning LNK4286: symbol '_qsort' defined in 'libucrt.lib(qsort.obj)' is imported by 'freetype.lib(psmodule.obj)'
LINK : warning LNK4286: symbol '_qsort' defined in 'libucrt.lib(qsort.obj)' is imported by 'freetype.lib(sfnt.obj)'
LINK : warning LNK4286: symbol '_qsort' defined in 'libucrt.lib(qsort.obj)' is imported by 'freetype.lib(ftbase.obj)'
LINK : warning LNK4286: symbol '_qsort' defined in 'libucrt.lib(qsort.obj)' is imported by 'freetype.lib(type1.obj)'
LINK : warning LNK4286: symbol '_qsort' defined in 'libucrt.lib(qsort.obj)' is imported by 'freetype.lib(bdf.obj)'
LINK : warning LNK4286: symbol '_qsort' defined in 'libucrt.lib(qsort.obj)' is imported by 'freetype.lib(psaux.obj)'
LINK : warning LNK4286: symbol '_strtol' defined in 'libucrt.lib(strtox.obj)' is imported by 'freetype.lib(type42.obj)'
LINK : warning LNK4286: symbol '_strtol' defined in 'libucrt.lib(strtox.obj)' is imported by 'freetype.lib(ftbase.obj)'
LINK : warning LNK4286: symbol '_strtol' defined in 'libucrt.lib(strtox.obj)' is imported by 'freetype.lib(autofit.obj)'
LINK : warning LNK4286: symbol '_strtol' defined in 'libucrt.lib(strtox.obj)' is imported by 'freetype.lib(truetype.obj)'
LINK : warning LNK4286: symbol '_strtol' defined in 'libucrt.lib(strtox.obj)' is imported by 'freetype.lib(type1cid.obj)'
LINK : warning LNK4286: symbol '_getenv' defined in 'libucrt.lib(getenv.obj)' is imported by 'freetype.lib(ftinit.obj)'
LINK : warning LNK4286: symbol '_getenv' defined in 'libucrt.lib(getenv.obj)' is imported by 'freetype.lib(ftdebug.obj)'
LINK : warning LNK4286: symbol '___acrt_iob_func' defined in 'libucrt.lib(_file.obj)' is imported by 'freetype.lib(ftdebug.obj)'
LINK : warning LNK4286: symbol '___stdio_common_vfprintf' defined in 'libucrt.lib(output.obj)' is imported by 'freetype.lib(ftdebug.obj)'
LINK : warning LNK4286: symbol '___stdio_common_vsprintf' defined in 'libucrt.lib(output.obj)' is imported by 'freetype.lib(ftdebug.obj)'
LINK : warning LNK4286: symbol '___stdio_common_vsprintf' defined in 'libucrt.lib(output.obj)' is imported by 'freetype.lib(bdf.obj)'
LINK : warning LNK4286: symbol '_exit' defined in 'libucrt.lib(exit.obj)' is imported by 'freetype.lib(ftdebug.obj)'
LINK : warning LNK4286: symbol '_strncmp' defined in 'libucrt.lib(strncmp.obj)' is imported by 'freetype.lib(type42.obj)'
LINK : warning LNK4286: symbol '_strncmp' defined in 'libucrt.lib(strncmp.obj)' is imported by 'freetype.lib(bdf.obj)'
LINK : warning LNK4286: symbol '_strncmp' defined in 'libucrt.lib(strncmp.obj)' is imported by 'freetype.lib(psaux.obj)'
LINK : warning LNK4286: symbol '_strncmp' defined in 'libucrt.lib(strncmp.obj)' is imported by 'freetype.lib(sfnt.obj)'
LINK : warning LNK4286: symbol '_strncmp' defined in 'libucrt.lib(strncmp.obj)' is imported by 'freetype.lib(truetype.obj)'
LINK : warning LNK4286: symbol '_strncmp' defined in 'libucrt.lib(strncmp.obj)' is imported by 'freetype.lib(type1.obj)'
LINK : warning LNK4286: symbol '_strncmp' defined in 'libucrt.lib(strncmp.obj)' is imported by 'freetype.lib(cff.obj)'
LINK : warning LNK4286: symbol '_strncmp' defined in 'libucrt.lib(strncmp.obj)' is imported by 'freetype.lib(type1cid.obj)'
LINK : warning LNK4286: symbol '___glewGenBuffers' defined in 'glew32s.lib(glew.obj)' is imported by 'cube.obj'
LINK : warning LNK4286: symbol '___glewBufferData' defined in 'glew32s.lib(glew.obj)' is imported by 'cube.obj'
LINK : warning LNK4286: symbol '___glewBindBuffer' defined in 'glew32s.lib(glew.obj)' is imported by 'cube.obj'
LINK : warning LNK4286: symbol '___glewVertexAttribPointer' defined in 'glew32s.lib(glew.obj)' is imported by 'cube.obj'
LINK : warning LNK4286: symbol '___glewEnableVertexAttribArray' defined in 'glew32s.lib(glew.obj)' is imported by 'cube.obj'
LINK : warning LNK4286: symbol '_glewInit@0' defined in 'glew32s.lib(glew.obj)' is imported by 'wrapper_glfw.obj'
LINK : warning LNK4286: symbol '___glewLinkProgram' defined in 'glew32s.lib(glew.obj)' is imported by 'wrapper_glfw.obj'
LINK : warning LNK4286: symbol '___glewDeleteShader' defined in 'glew32s.lib(glew.obj)' is imported by 'wrapper_glfw.obj'
LINK : warning LNK4286: symbol '___glewGetProgramInfoLog' defined in 'glew32s.lib(glew.obj)' is imported by 'wrapper_glfw.obj'
LINK : warning LNK4286: symbol '___glewShaderSource' defined in 'glew32s.lib(glew.obj)' is imported by 'wrapper_glfw.obj'
LINK : warning LNK4286: symbol '___glewAttachShader' defined in 'glew32s.lib(glew.obj)' is imported by 'wrapper_glfw.obj'
LINK : warning LNK4286: symbol '___glewGetProgramiv' defined in 'glew32s.lib(glew.obj)' is imported by 'wrapper_glfw.obj'
LINK : warning LNK4286: symbol '___glewGetShaderInfoLog' defined in 'glew32s.lib(glew.obj)' is imported by 'wrapper_glfw.obj'
LINK : warning LNK4286: symbol '___glewCreateProgram' defined in 'glew32s.lib(glew.obj)' is imported by 'wrapper_glfw.obj'
LINK : warning LNK4286: symbol '___glewCreateShader' defined in 'glew32s.lib(glew.obj)' is imported by 'wrapper_glfw.obj'
LINK : warning LNK4286: symbol '___glewCompileShader' defined in 'glew32s.lib(glew.obj)' is imported by 'wrapper_glfw.obj'
LINK : warning LNK4286: symbol '___glewGetShaderiv' defined in 'glew32s.lib(glew.obj)' is imported by 'wrapper_glfw.obj'
  programPlot.vcxproj -> C:\Users\Max Fyall\Documents\Github\Multidimensional_Plotter\MultiDemPlotter\Release\programPlot.exe
